<?xml version="1.0" encoding="UTF-8"?>
<!-- Generated by org.testng.reporters.JUnitReportReporter -->
<testsuite hostname="G10GNLT049" name="com.usgbc.testcases.LandingPage.USGBCHeaderLinkEducationTest" tests="1" failures="0" timestamp="6 Aug 2018 05:38:19 GMT" time="15.096" errors="1">
  <testcase name="USGBCHeaderLinkEducation" time="15.096" classname="com.usgbc.testcases.LandingPage.USGBCHeaderLinkEducationTest">
    <error type="java.lang.Error" message="java.lang.NullPointerException">
      <![CDATA[java.lang.Error: java.lang.NullPointerException
	at org.im4java.core.ImageCommand.run(ImageCommand.java:219)
	at com.usgbc.driver.CommonMethod.compareImagesWithImageMagick(CommonMethod.java:1038)
	at com.usgbc.driver.CommonMethod.doComparison(CommonMethod.java:1063)
	at com.usgbc.ReusableMethods.ReusableMethodHeaderLinks.headerLinkEducation(ReusableMethodHeaderLinks.java:123)
	at com.usgbc.testcases.LandingPage.USGBCHeaderLinkEducationTest.USGBCHeaderLinkEducation(USGBCHeaderLinkEducationTest.java:21)
	at sun.reflect.NativeMethodAccessorImpl.invoke0(Native Method)
	at sun.reflect.NativeMethodAccessorImpl.invoke(Unknown Source)
	at sun.reflect.DelegatingMethodAccessorImpl.invoke(Unknown Source)
	at java.lang.reflect.Method.invoke(Unknown Source)
	at org.testng.internal.MethodInvocationHelper.invokeMethod(MethodInvocationHelper.java:85)
	at org.testng.internal.Invoker.invokeMethod(Invoker.java:639)
	at org.testng.internal.Invoker.invokeTestMethod(Invoker.java:816)
	at org.testng.internal.Invoker.invokeTestMethods(Invoker.java:1124)
	at org.testng.internal.TestMethodWorker.invokeTestMethods(TestMethodWorker.java:125)
	at org.testng.internal.TestMethodWorker.run(TestMethodWorker.java:108)
	at org.testng.TestRunner.privateRun(TestRunner.java:774)
	at org.testng.TestRunner.run(TestRunner.java:624)
	at org.testng.SuiteRunner.runTest(SuiteRunner.java:359)
	at org.testng.SuiteRunner.runSequentially(SuiteRunner.java:354)
	at org.testng.SuiteRunner.privateRun(SuiteRunner.java:312)
	at org.testng.SuiteRunner.run(SuiteRunner.java:261)
	at org.testng.SuiteRunnerWorker.runSuite(SuiteRunnerWorker.java:52)
	at org.testng.SuiteRunnerWorker.run(SuiteRunnerWorker.java:86)
	at org.testng.TestNG.runSuitesSequentially(TestNG.java:1191)
	at org.testng.TestNG.runSuitesLocally(TestNG.java:1116)
	at org.testng.TestNG.run(TestNG.java:1024)
	at org.testng.remote.AbstractRemoteTestNG.run(AbstractRemoteTestNG.java:132)
	at org.testng.remote.RemoteTestNG.initAndRun(RemoteTestNG.java:230)
	at org.testng.remote.RemoteTestNG.main(RemoteTestNG.java:76)
]]>
    </error>
  </testcase> <!-- USGBCHeaderLinkEducation -->
</testsuite> <!-- com.usgbc.testcases.LandingPage.USGBCHeaderLinkEducationTest -->
